<?xml version="1.0" encoding="UTF-8"?>
<!-- Generated by org.testng.reporters.JUnitReportReporter -->
<testsuite hostname="CAGTAM1074143" name="com.southwest.www.E2ETests.TS3_FlightSearch" tests="1" failures="0" timestamp="3 Feb 2018 03:06:01 GMT" time="20.975" errors="0">
  <testcase name="testFlightSearch" time="20.975" classname="com.southwest.www.E2ETests.TS3_FlightSearch"/>
</testsuite> <!-- com.southwest.www.E2ETests.TS3_FlightSearch -->
