<?xml version="1.0" encoding="UTF-8"?>
<!-- Generated by org.testng.reporters.JUnitReportReporter -->
<testsuite hostname="CAGTAM1074143" name="com.southwest.www.E2ETests.TS1_NegativeLogin" tests="1" failures="0" timestamp="3 Feb 2018 03:06:01 GMT" time="14.703" errors="0">
  <testcase name="testLogin" time="14.703" classname="com.southwest.www.E2ETests.TS1_NegativeLogin"/>
</testsuite> <!-- com.southwest.www.E2ETests.TS1_NegativeLogin -->
